<?xml version="1.0" encoding="UTF-8"?>
<!-- Generated by org.testng.reporters.JUnitXMLReporter -->
<testsuite hostname="DESKTOP-ONQP60F" ignored="0" name="Test" tests="1" failures="1" timestamp="2021-12-17T15:01:29 IST" time="2.818" errors="0">
  <testcase name="createcontact" time="2.765" classname="testScript.TC_16CreateContacts">
    <failure type="org.openqa.selenium.SessionNotCreatedException" message="session not created: This version of ChromeDriver only supports Chrome version 93
Current browser version is 96.0.4664.110 with binary path C:\Program Files\Google\Chrome\Application\chrome.exe
Build info: version: &amp;apos;3.141.59&amp;apos;, revision: &amp;apos;e82be7d358&amp;apos;, time: &amp;apos;2018-11-14T08:17:03&amp;apos;
System info: host: &amp;apos;DESKTOP-ONQP60F&amp;apos;, ip: &amp;apos;127.0.0.1&amp;apos;, os.name: &amp;apos;Windows 10&amp;apos;, os.arch: &amp;apos;amd64&amp;apos;, os.version: &amp;apos;10.0&amp;apos;, java.version: &amp;apos;1.8.0_201&amp;apos;
Driver info: driver.version: ChromeDriver
remote stacktrace: Backtrace:
	Ordinal0 [0x0085D403+2479107]
	Ordinal0 [0x007F7D51+2063697]
	Ordinal0 [0x007020C8+1056968]
	Ordinal0 [0x0072043A+1180730]
	Ordinal0 [0x0071C355+1164117]
	Ordinal0 [0x00719B7F+1153919]
	Ordinal0 [0x00749CBF+1350847]
	Ordinal0 [0x0074992A+1349930]
	Ordinal0 [0x0074583B+1333307]
	Ordinal0 [0x00721F94+1187732]
	Ordinal0 [0x00722DE9+1191401]
	GetHandleVerifier [0x009DF3F6+1531734]
	GetHandleVerifier [0x00A8E9AE+2249998]
	GetHandleVerifier [0x008E39AB+501003]
	GetHandleVerifier [0x008E2A29+497033]
	Ordinal0 [0x007FD11D+2085149]
	Ordinal0 [0x008011C8+2101704]
	Ordinal0 [0x00801302+2102018]
	Ordinal0 [0x0080AA71+2140785]
	BaseThreadInitThunk [0x76EDFA29+25]
	RtlGetAppContainerNamedObjectPath [0x778D7A9E+286]
	RtlGetAppContainerNamedObjectPath [0x778D7A6E+238]
">
      <![CDATA[org.openqa.selenium.SessionNotCreatedException: session not created: This version of ChromeDriver only supports Chrome version 93
Current browser version is 96.0.4664.110 with binary path C:\Program Files\Google\Chrome\Application\chrome.exe
Build info: version: '3.141.59', revision: 'e82be7d358', time: '2018-11-14T08:17:03'
System info: host: 'DESKTOP-ONQP60F', ip: '127.0.0.1', os.name: 'Windows 10', os.arch: 'amd64', os.version: '10.0', java.version: '1.8.0_201'
Driver info: driver.version: ChromeDriver
remote stacktrace: Backtrace:
Ordinal0 [0x0085D403+2479107]
Ordinal0 [0x007F7D51+2063697]
Ordinal0 [0x007020C8+1056968]
Ordinal0 [0x0072043A+1180730]
Ordinal0 [0x0071C355+1164117]
Ordinal0 [0x00719B7F+1153919]
Ordinal0 [0x00749CBF+1350847]
Ordinal0 [0x0074992A+1349930]
Ordinal0 [0x0074583B+1333307]
Ordinal0 [0x00721F94+1187732]
Ordinal0 [0x00722DE9+1191401]
GetHandleVerifier [0x009DF3F6+1531734]
GetHandleVerifier [0x00A8E9AE+2249998]
GetHandleVerifier [0x008E39AB+501003]
GetHandleVerifier [0x008E2A29+497033]
Ordinal0 [0x007FD11D+2085149]
Ordinal0 [0x008011C8+2101704]
Ordinal0 [0x00801302+2102018]
Ordinal0 [0x0080AA71+2140785]
BaseThreadInitThunk [0x76EDFA29+25]
RtlGetAppContainerNamedObjectPath [0x778D7A9E+286]
RtlGetAppContainerNamedObjectPath [0x778D7A6E+238]

at org.openqa.selenium.remote.W3CHandshakeResponse.lambda$errorHandler$0(W3CHandshakeResponse.java:62)
at org.openqa.selenium.remote.HandshakeResponse.lambda$getResponseFunction$0(HandshakeResponse.java:30)
at org.openqa.selenium.remote.ProtocolHandshake.lambda$createSession$0(ProtocolHandshake.java:126)
at java.util.stream.ReferencePipeline$3$1.accept(Unknown Source)
at java.util.Spliterators$ArraySpliterator.tryAdvance(Unknown Source)
at java.util.stream.ReferencePipeline.forEachWithCancel(Unknown Source)
at java.util.stream.AbstractPipeline.copyIntoWithCancel(Unknown Source)
at java.util.stream.AbstractPipeline.copyInto(Unknown Source)
at java.util.stream.AbstractPipeline.wrapAndCopyInto(Unknown Source)
at java.util.stream.FindOps$FindOp.evaluateSequential(Unknown Source)
at java.util.stream.AbstractPipeline.evaluate(Unknown Source)
at java.util.stream.ReferencePipeline.findFirst(Unknown Source)
at org.openqa.selenium.remote.ProtocolHandshake.createSession(ProtocolHandshake.java:128)
at org.openqa.selenium.remote.ProtocolHandshake.createSession(ProtocolHandshake.java:74)
at org.openqa.selenium.remote.HttpCommandExecutor.execute(HttpCommandExecutor.java:136)
at org.openqa.selenium.remote.service.DriverCommandExecutor.execute(DriverCommandExecutor.java:83)
at org.openqa.selenium.remote.RemoteWebDriver.execute(RemoteWebDriver.java:552)
at org.openqa.selenium.remote.RemoteWebDriver.startSession(RemoteWebDriver.java:213)
at org.openqa.selenium.remote.RemoteWebDriver.<init>(RemoteWebDriver.java:131)
at org.openqa.selenium.chrome.ChromeDriver.<init>(ChromeDriver.java:181)
at org.openqa.selenium.chrome.ChromeDriver.<init>(ChromeDriver.java:168)
at org.openqa.selenium.chrome.ChromeDriver.<init>(ChromeDriver.java:123)
at testScript.TC_16CreateContacts.createcontact(TC_16CreateContacts.java:29)
at java.util.ArrayList.forEach(Unknown Source)
... Removed 31 stack frames]]>
    </failure>
  </testcase> <!-- createcontact -->
</testsuite> <!-- Test -->
