<?xml version="1.0" encoding="UTF-8"?>
<testng-results ignored="0" total="20" passed="10" failed="10" skipped="0">
  <reporter-output>
  </reporter-output>
  <suite started-at="2021-10-18T10:20:14 IST" name="Suite" finished-at="2021-10-18T10:22:08 IST" duration-ms="113746">
    <groups>
      <group name="smoketest">
        <method signature="TC_11_createcontact_assignedTo_Support_Group.createcontact_assignedTo_Support_Group()[pri:0, instance:scriptsContacts.TC_11_createcontact_assignedTo_Support_Group@428640fa]" name="createcontact_assignedTo_Support_Group" class="scriptsContacts.TC_11_createcontact_assignedTo_Support_Group"/>
        <method signature="TC_12_createcontact_assignedTo_Teamselling_Group.createcontact_assignedTo_Teamselling_Group()[pri:0, instance:scriptsContacts.TC_12_createcontact_assignedTo_Teamselling_Group@47d9a273]" name="createcontact_assignedTo_Teamselling_Group" class="scriptsContacts.TC_12_createcontact_assignedTo_Teamselling_Group"/>
        <method signature="TC_11_createcontact_assignedTo_Support_Group.createcontact_assignedTo_Support_Group()[pri:0, instance:scriptsContacts.TC_11_createcontact_assignedTo_Support_Group@1a6d8329]" name="createcontact_assignedTo_Support_Group" class="scriptsContacts.TC_11_createcontact_assignedTo_Support_Group"/>
        <method signature="TC_12_createcontact_assignedTo_Teamselling_Group.createcontact_assignedTo_Teamselling_Group()[pri:0, instance:scriptsContacts.TC_12_createcontact_assignedTo_Teamselling_Group@368247b9]" name="createcontact_assignedTo_Teamselling_Group" class="scriptsContacts.TC_12_createcontact_assignedTo_Teamselling_Group"/>
      </group> <!-- smoketest -->
    </groups>
    <test started-at="2021-10-18T10:20:14 IST" name="TestRunner-chrome" finished-at="2021-10-18T10:21:59 IST" duration-ms="104892">
      <class name="scriptsContacts.TC_12_createcontact_assignedTo_Teamselling_Group">
        <test-method is-config="true" signature="launchBrowser(java.lang.String)[pri:0, instance:scriptsContacts.TC_12_createcontact_assignedTo_Teamselling_Group@47d9a273]" started-at="2021-10-18T10:20:14 IST" name="launchBrowser" finished-at="2021-10-18T10:20:16 IST" duration-ms="1771" status="PASS">
          <params>
            <param index="0">
              <value>
                <![CDATA[chrome]]>
              </value>
            </param>
          </params>
          <reporter-output>
          </reporter-output>
        </test-method> <!-- launchBrowser -->
        <test-method is-config="true" signature="logInApp()[pri:0, instance:scriptsContacts.TC_12_createcontact_assignedTo_Teamselling_Group@47d9a273]" started-at="2021-10-18T10:20:16 IST" name="logInApp" finished-at="2021-10-18T10:20:17 IST" duration-ms="1271" status="PASS">
          <reporter-output>
          </reporter-output>
        </test-method> <!-- logInApp -->
        <test-method signature="createcontact_assignedTo_Teamselling_Group()[pri:0, instance:scriptsContacts.TC_12_createcontact_assignedTo_Teamselling_Group@47d9a273]" started-at="2021-10-18T10:20:17 IST" name="createcontact_assignedTo_Teamselling_Group" finished-at="2021-10-18T10:20:22 IST" duration-ms="5238" status="PASS">
          <reporter-output>
          </reporter-output>
        </test-method> <!-- createcontact_assignedTo_Teamselling_Group -->
        <test-method is-config="true" signature="logOutApp()[pri:0, instance:scriptsContacts.TC_12_createcontact_assignedTo_Teamselling_Group@47d9a273]" started-at="2021-10-18T10:20:22 IST" name="logOutApp" finished-at="2021-10-18T10:20:26 IST" duration-ms="3860" status="PASS">
          <reporter-output>
          </reporter-output>
        </test-method> <!-- logOutApp -->
        <test-method is-config="true" signature="logInApp()[pri:0, instance:scriptsContacts.TC_12_createcontact_assignedTo_Teamselling_Group@47d9a273]" started-at="2021-10-18T10:20:26 IST" name="logInApp" finished-at="2021-10-18T10:20:27 IST" duration-ms="1300" status="PASS">
          <reporter-output>
          </reporter-output>
        </test-method> <!-- logInApp -->
        <test-method signature="createcontact_assignedTo_Teamselling_Group()[pri:0, instance:scriptsContacts.TC_12_createcontact_assignedTo_Teamselling_Group@47d9a273]" started-at="2021-10-18T10:20:27 IST" name="createcontact_assignedTo_Teamselling_Group" finished-at="2021-10-18T10:20:32 IST" duration-ms="4804" status="PASS">
          <reporter-output>
          </reporter-output>
        </test-method> <!-- createcontact_assignedTo_Teamselling_Group -->
        <test-method is-config="true" signature="logOutApp()[pri:0, instance:scriptsContacts.TC_12_createcontact_assignedTo_Teamselling_Group@47d9a273]" started-at="2021-10-18T10:20:32 IST" name="logOutApp" finished-at="2021-10-18T10:20:36 IST" duration-ms="3807" status="PASS">
          <reporter-output>
          </reporter-output>
        </test-method> <!-- logOutApp -->
        <test-method is-config="true" signature="logInApp()[pri:0, instance:scriptsContacts.TC_12_createcontact_assignedTo_Teamselling_Group@47d9a273]" started-at="2021-10-18T10:20:36 IST" name="logInApp" finished-at="2021-10-18T10:20:37 IST" duration-ms="1263" status="PASS">
          <reporter-output>
          </reporter-output>
        </test-method> <!-- logInApp -->
        <test-method signature="createcontact_assignedTo_Teamselling_Group()[pri:0, instance:scriptsContacts.TC_12_createcontact_assignedTo_Teamselling_Group@47d9a273]" started-at="2021-10-18T10:20:37 IST" name="createcontact_assignedTo_Teamselling_Group" finished-at="2021-10-18T10:20:42 IST" duration-ms="4469" status="PASS">
          <reporter-output>
          </reporter-output>
        </test-method> <!-- createcontact_assignedTo_Teamselling_Group -->
        <test-method is-config="true" signature="logOutApp()[pri:0, instance:scriptsContacts.TC_12_createcontact_assignedTo_Teamselling_Group@47d9a273]" started-at="2021-10-18T10:20:42 IST" name="logOutApp" finished-at="2021-10-18T10:20:46 IST" duration-ms="3772" status="PASS">
          <reporter-output>
          </reporter-output>
        </test-method> <!-- logOutApp -->
        <test-method is-config="true" signature="logInApp()[pri:0, instance:scriptsContacts.TC_12_createcontact_assignedTo_Teamselling_Group@47d9a273]" started-at="2021-10-18T10:20:46 IST" name="logInApp" finished-at="2021-10-18T10:20:47 IST" duration-ms="1287" status="PASS">
          <reporter-output>
          </reporter-output>
        </test-method> <!-- logInApp -->
        <test-method signature="createcontact_assignedTo_Teamselling_Group()[pri:0, instance:scriptsContacts.TC_12_createcontact_assignedTo_Teamselling_Group@47d9a273]" started-at="2021-10-18T10:20:47 IST" name="createcontact_assignedTo_Teamselling_Group" finished-at="2021-10-18T10:20:51 IST" duration-ms="4291" status="PASS">
          <reporter-output>
          </reporter-output>
        </test-method> <!-- createcontact_assignedTo_Teamselling_Group -->
        <test-method is-config="true" signature="logOutApp()[pri:0, instance:scriptsContacts.TC_12_createcontact_assignedTo_Teamselling_Group@47d9a273]" started-at="2021-10-18T10:20:51 IST" name="logOutApp" finished-at="2021-10-18T10:20:55 IST" duration-ms="3787" status="PASS">
          <reporter-output>
          </reporter-output>
        </test-method> <!-- logOutApp -->
        <test-method is-config="true" signature="logInApp()[pri:0, instance:scriptsContacts.TC_12_createcontact_assignedTo_Teamselling_Group@47d9a273]" started-at="2021-10-18T10:20:55 IST" name="logInApp" finished-at="2021-10-18T10:20:56 IST" duration-ms="1244" status="PASS">
          <reporter-output>
          </reporter-output>
        </test-method> <!-- logInApp -->
        <test-method signature="createcontact_assignedTo_Teamselling_Group()[pri:0, instance:scriptsContacts.TC_12_createcontact_assignedTo_Teamselling_Group@47d9a273]" started-at="2021-10-18T10:20:56 IST" name="createcontact_assignedTo_Teamselling_Group" finished-at="2021-10-18T10:21:01 IST" duration-ms="4443" status="PASS">
          <reporter-output>
          </reporter-output>
        </test-method> <!-- createcontact_assignedTo_Teamselling_Group -->
        <test-method is-config="true" signature="logOutApp()[pri:0, instance:scriptsContacts.TC_12_createcontact_assignedTo_Teamselling_Group@47d9a273]" started-at="2021-10-18T10:21:01 IST" name="logOutApp" finished-at="2021-10-18T10:21:04 IST" duration-ms="3815" status="PASS">
          <reporter-output>
          </reporter-output>
        </test-method> <!-- logOutApp -->
        <test-method is-config="true" signature="closeBrowser()[pri:0, instance:scriptsContacts.TC_12_createcontact_assignedTo_Teamselling_Group@47d9a273]" started-at="2021-10-18T10:21:04 IST" name="closeBrowser" finished-at="2021-10-18T10:21:04 IST" duration-ms="47" status="PASS">
          <reporter-output>
          </reporter-output>
        </test-method> <!-- closeBrowser -->
      </class> <!-- scriptsContacts.TC_12_createcontact_assignedTo_Teamselling_Group -->
      <class name="scriptsContacts.TC_11_createcontact_assignedTo_Support_Group">
        <test-method is-config="true" signature="launchBrowser(java.lang.String)[pri:0, instance:scriptsContacts.TC_11_createcontact_assignedTo_Support_Group@428640fa]" started-at="2021-10-18T10:21:04 IST" name="launchBrowser" finished-at="2021-10-18T10:21:06 IST" duration-ms="1469" status="PASS">
          <params>
            <param index="0">
              <value>
                <![CDATA[chrome]]>
              </value>
            </param>
          </params>
          <reporter-output>
          </reporter-output>
        </test-method> <!-- launchBrowser -->
        <test-method is-config="true" signature="logInApp()[pri:0, instance:scriptsContacts.TC_11_createcontact_assignedTo_Support_Group@428640fa]" started-at="2021-10-18T10:21:06 IST" name="logInApp" finished-at="2021-10-18T10:21:07 IST" duration-ms="1379" status="PASS">
          <reporter-output>
          </reporter-output>
        </test-method> <!-- logInApp -->
        <test-method signature="createcontact_assignedTo_Support_Group()[pri:0, instance:scriptsContacts.TC_11_createcontact_assignedTo_Support_Group@428640fa]" started-at="2021-10-18T10:21:07 IST" name="createcontact_assignedTo_Support_Group" finished-at="2021-10-18T10:21:12 IST" duration-ms="4856" status="FAIL">
          <exception class="java.lang.AssertionError">
            <message>
              <![CDATA[The following asserts failed:
null]]>
            </message>
            <full-stacktrace>
              <![CDATA[java.lang.AssertionError: The following asserts failed:
null
at org.testng.asserts.SoftAssert.assertAll(SoftAssert.java:47)
at org.testng.asserts.SoftAssert.assertAll(SoftAssert.java:31)
at scriptsContacts.TC_11_createcontact_assignedTo_Support_Group.createcontact_assignedTo_Support_Group(TC_11_createcontact_assignedTo_Support_Group.java:73)
at java.base/jdk.internal.reflect.NativeMethodAccessorImpl.invoke0(Native Method)
at java.base/jdk.internal.reflect.NativeMethodAccessorImpl.invoke(NativeMethodAccessorImpl.java:77)
at java.base/jdk.internal.reflect.DelegatingMethodAccessorImpl.invoke(DelegatingMethodAccessorImpl.java:43)
at java.base/java.lang.reflect.Method.invoke(Method.java:568)
at org.testng.internal.MethodInvocationHelper.invokeMethod(MethodInvocationHelper.java:133)
at org.testng.internal.TestInvoker.invokeMethod(TestInvoker.java:598)
at org.testng.internal.TestInvoker.invokeTestMethod(TestInvoker.java:173)
at org.testng.internal.MethodRunner.runInSequence(MethodRunner.java:46)
at org.testng.internal.TestInvoker$MethodInvocationAgent.invoke(TestInvoker.java:824)
at org.testng.internal.TestInvoker.invokeTestMethods(TestInvoker.java:146)
at org.testng.internal.TestMethodWorker.invokeTestMethods(TestMethodWorker.java:146)
at org.testng.internal.TestMethodWorker.run(TestMethodWorker.java:128)
at java.base/java.util.ArrayList.forEach(ArrayList.java:1511)
at org.testng.TestRunner.privateRun(TestRunner.java:794)
at org.testng.TestRunner.run(TestRunner.java:596)
at org.testng.SuiteRunner.runTest(SuiteRunner.java:377)
at org.testng.SuiteRunner.access$000(SuiteRunner.java:28)
at org.testng.SuiteRunner$SuiteWorker.run(SuiteRunner.java:418)
at org.testng.internal.thread.ThreadUtil.lambda$execute$0(ThreadUtil.java:64)
at java.base/java.util.concurrent.FutureTask.run(FutureTask.java:264)
at java.base/java.util.concurrent.ThreadPoolExecutor.runWorker(ThreadPoolExecutor.java:1136)
at java.base/java.util.concurrent.ThreadPoolExecutor$Worker.run(ThreadPoolExecutor.java:635)
at java.base/java.lang.Thread.run(Thread.java:833)
]]>
            </full-stacktrace>
          </exception> <!-- java.lang.AssertionError -->
          <reporter-output>
          </reporter-output>
        </test-method> <!-- createcontact_assignedTo_Support_Group -->
        <test-method is-config="true" signature="logOutApp()[pri:0, instance:scriptsContacts.TC_11_createcontact_assignedTo_Support_Group@428640fa]" started-at="2021-10-18T10:21:12 IST" name="logOutApp" finished-at="2021-10-18T10:21:16 IST" duration-ms="3880" status="PASS">
          <reporter-output>
          </reporter-output>
        </test-method> <!-- logOutApp -->
        <test-method is-config="true" signature="logInApp()[pri:0, instance:scriptsContacts.TC_11_createcontact_assignedTo_Support_Group@428640fa]" started-at="2021-10-18T10:21:16 IST" name="logInApp" finished-at="2021-10-18T10:21:18 IST" duration-ms="1481" status="PASS">
          <reporter-output>
          </reporter-output>
        </test-method> <!-- logInApp -->
        <test-method signature="createcontact_assignedTo_Support_Group()[pri:0, instance:scriptsContacts.TC_11_createcontact_assignedTo_Support_Group@428640fa]" started-at="2021-10-18T10:21:18 IST" name="createcontact_assignedTo_Support_Group" finished-at="2021-10-18T10:21:23 IST" duration-ms="5301" status="FAIL">
          <exception class="java.lang.AssertionError">
            <message>
              <![CDATA[The following asserts failed:
null]]>
            </message>
            <full-stacktrace>
              <![CDATA[java.lang.AssertionError: The following asserts failed:
null
at org.testng.asserts.SoftAssert.assertAll(SoftAssert.java:47)
at org.testng.asserts.SoftAssert.assertAll(SoftAssert.java:31)
at scriptsContacts.TC_11_createcontact_assignedTo_Support_Group.createcontact_assignedTo_Support_Group(TC_11_createcontact_assignedTo_Support_Group.java:73)
at java.base/jdk.internal.reflect.NativeMethodAccessorImpl.invoke0(Native Method)
at java.base/jdk.internal.reflect.NativeMethodAccessorImpl.invoke(NativeMethodAccessorImpl.java:77)
at java.base/jdk.internal.reflect.DelegatingMethodAccessorImpl.invoke(DelegatingMethodAccessorImpl.java:43)
at java.base/java.lang.reflect.Method.invoke(Method.java:568)
at org.testng.internal.MethodInvocationHelper.invokeMethod(MethodInvocationHelper.java:133)
at org.testng.internal.TestInvoker.invokeMethod(TestInvoker.java:598)
at org.testng.internal.TestInvoker.invokeTestMethod(TestInvoker.java:173)
at org.testng.internal.MethodRunner.runInSequence(MethodRunner.java:46)
at org.testng.internal.TestInvoker$MethodInvocationAgent.invoke(TestInvoker.java:824)
at org.testng.internal.TestInvoker.invokeTestMethods(TestInvoker.java:146)
at org.testng.internal.TestMethodWorker.invokeTestMethods(TestMethodWorker.java:146)
at org.testng.internal.TestMethodWorker.run(TestMethodWorker.java:128)
at java.base/java.util.ArrayList.forEach(ArrayList.java:1511)
at org.testng.TestRunner.privateRun(TestRunner.java:794)
at org.testng.TestRunner.run(TestRunner.java:596)
at org.testng.SuiteRunner.runTest(SuiteRunner.java:377)
at org.testng.SuiteRunner.access$000(SuiteRunner.java:28)
at org.testng.SuiteRunner$SuiteWorker.run(SuiteRunner.java:418)
at org.testng.internal.thread.ThreadUtil.lambda$execute$0(ThreadUtil.java:64)
at java.base/java.util.concurrent.FutureTask.run(FutureTask.java:264)
at java.base/java.util.concurrent.ThreadPoolExecutor.runWorker(ThreadPoolExecutor.java:1136)
at java.base/java.util.concurrent.ThreadPoolExecutor$Worker.run(ThreadPoolExecutor.java:635)
at java.base/java.lang.Thread.run(Thread.java:833)
]]>
            </full-stacktrace>
          </exception> <!-- java.lang.AssertionError -->
          <reporter-output>
          </reporter-output>
        </test-method> <!-- createcontact_assignedTo_Support_Group -->
        <test-method is-config="true" signature="logOutApp()[pri:0, instance:scriptsContacts.TC_11_createcontact_assignedTo_Support_Group@428640fa]" started-at="2021-10-18T10:21:23 IST" name="logOutApp" finished-at="2021-10-18T10:21:27 IST" duration-ms="3849" status="PASS">
          <reporter-output>
          </reporter-output>
        </test-method> <!-- logOutApp -->
        <test-method is-config="true" signature="logInApp()[pri:0, instance:scriptsContacts.TC_11_createcontact_assignedTo_Support_Group@428640fa]" started-at="2021-10-18T10:21:27 IST" name="logInApp" finished-at="2021-10-18T10:21:28 IST" duration-ms="1457" status="PASS">
          <reporter-output>
          </reporter-output>
        </test-method> <!-- logInApp -->
        <test-method signature="createcontact_assignedTo_Support_Group()[pri:0, instance:scriptsContacts.TC_11_createcontact_assignedTo_Support_Group@428640fa]" started-at="2021-10-18T10:21:28 IST" name="createcontact_assignedTo_Support_Group" finished-at="2021-10-18T10:21:34 IST" duration-ms="5211" status="FAIL">
          <exception class="java.lang.AssertionError">
            <message>
              <![CDATA[The following asserts failed:
null]]>
            </message>
            <full-stacktrace>
              <![CDATA[java.lang.AssertionError: The following asserts failed:
null
at org.testng.asserts.SoftAssert.assertAll(SoftAssert.java:47)
at org.testng.asserts.SoftAssert.assertAll(SoftAssert.java:31)
at scriptsContacts.TC_11_createcontact_assignedTo_Support_Group.createcontact_assignedTo_Support_Group(TC_11_createcontact_assignedTo_Support_Group.java:73)
at java.base/jdk.internal.reflect.NativeMethodAccessorImpl.invoke0(Native Method)
at java.base/jdk.internal.reflect.NativeMethodAccessorImpl.invoke(NativeMethodAccessorImpl.java:77)
at java.base/jdk.internal.reflect.DelegatingMethodAccessorImpl.invoke(DelegatingMethodAccessorImpl.java:43)
at java.base/java.lang.reflect.Method.invoke(Method.java:568)
at org.testng.internal.MethodInvocationHelper.invokeMethod(MethodInvocationHelper.java:133)
at org.testng.internal.TestInvoker.invokeMethod(TestInvoker.java:598)
at org.testng.internal.TestInvoker.invokeTestMethod(TestInvoker.java:173)
at org.testng.internal.MethodRunner.runInSequence(MethodRunner.java:46)
at org.testng.internal.TestInvoker$MethodInvocationAgent.invoke(TestInvoker.java:824)
at org.testng.internal.TestInvoker.invokeTestMethods(TestInvoker.java:146)
at org.testng.internal.TestMethodWorker.invokeTestMethods(TestMethodWorker.java:146)
at org.testng.internal.TestMethodWorker.run(TestMethodWorker.java:128)
at java.base/java.util.ArrayList.forEach(ArrayList.java:1511)
at org.testng.TestRunner.privateRun(TestRunner.java:794)
at org.testng.TestRunner.run(TestRunner.java:596)
at org.testng.SuiteRunner.runTest(SuiteRunner.java:377)
at org.testng.SuiteRunner.access$000(SuiteRunner.java:28)
at org.testng.SuiteRunner$SuiteWorker.run(SuiteRunner.java:418)
at org.testng.internal.thread.ThreadUtil.lambda$execute$0(ThreadUtil.java:64)
at java.base/java.util.concurrent.FutureTask.run(FutureTask.java:264)
at java.base/java.util.concurrent.ThreadPoolExecutor.runWorker(ThreadPoolExecutor.java:1136)
at java.base/java.util.concurrent.ThreadPoolExecutor$Worker.run(ThreadPoolExecutor.java:635)
at java.base/java.lang.Thread.run(Thread.java:833)
]]>
            </full-stacktrace>
          </exception> <!-- java.lang.AssertionError -->
          <reporter-output>
          </reporter-output>
        </test-method> <!-- createcontact_assignedTo_Support_Group -->
        <test-method is-config="true" signature="logOutApp()[pri:0, instance:scriptsContacts.TC_11_createcontact_assignedTo_Support_Group@428640fa]" started-at="2021-10-18T10:21:34 IST" name="logOutApp" finished-at="2021-10-18T10:21:38 IST" duration-ms="3885" status="PASS">
          <reporter-output>
          </reporter-output>
        </test-method> <!-- logOutApp -->
        <test-method is-config="true" signature="logInApp()[pri:0, instance:scriptsContacts.TC_11_createcontact_assignedTo_Support_Group@428640fa]" started-at="2021-10-18T10:21:38 IST" name="logInApp" finished-at="2021-10-18T10:21:39 IST" duration-ms="1425" status="PASS">
          <reporter-output>
          </reporter-output>
        </test-method> <!-- logInApp -->
        <test-method signature="createcontact_assignedTo_Support_Group()[pri:0, instance:scriptsContacts.TC_11_createcontact_assignedTo_Support_Group@428640fa]" started-at="2021-10-18T10:21:39 IST" name="createcontact_assignedTo_Support_Group" finished-at="2021-10-18T10:21:44 IST" duration-ms="5224" status="FAIL">
          <exception class="java.lang.AssertionError">
            <message>
              <![CDATA[The following asserts failed:
null]]>
            </message>
            <full-stacktrace>
              <![CDATA[java.lang.AssertionError: The following asserts failed:
null
at org.testng.asserts.SoftAssert.assertAll(SoftAssert.java:47)
at org.testng.asserts.SoftAssert.assertAll(SoftAssert.java:31)
at scriptsContacts.TC_11_createcontact_assignedTo_Support_Group.createcontact_assignedTo_Support_Group(TC_11_createcontact_assignedTo_Support_Group.java:73)
at java.base/jdk.internal.reflect.NativeMethodAccessorImpl.invoke0(Native Method)
at java.base/jdk.internal.reflect.NativeMethodAccessorImpl.invoke(NativeMethodAccessorImpl.java:77)
at java.base/jdk.internal.reflect.DelegatingMethodAccessorImpl.invoke(DelegatingMethodAccessorImpl.java:43)
at java.base/java.lang.reflect.Method.invoke(Method.java:568)
at org.testng.internal.MethodInvocationHelper.invokeMethod(MethodInvocationHelper.java:133)
at org.testng.internal.TestInvoker.invokeMethod(TestInvoker.java:598)
at org.testng.internal.TestInvoker.invokeTestMethod(TestInvoker.java:173)
at org.testng.internal.MethodRunner.runInSequence(MethodRunner.java:46)
at org.testng.internal.TestInvoker$MethodInvocationAgent.invoke(TestInvoker.java:824)
at org.testng.internal.TestInvoker.invokeTestMethods(TestInvoker.java:146)
at org.testng.internal.TestMethodWorker.invokeTestMethods(TestMethodWorker.java:146)
at org.testng.internal.TestMethodWorker.run(TestMethodWorker.java:128)
at java.base/java.util.ArrayList.forEach(ArrayList.java:1511)
at org.testng.TestRunner.privateRun(TestRunner.java:794)
at org.testng.TestRunner.run(TestRunner.java:596)
at org.testng.SuiteRunner.runTest(SuiteRunner.java:377)
at org.testng.SuiteRunner.access$000(SuiteRunner.java:28)
at org.testng.SuiteRunner$SuiteWorker.run(SuiteRunner.java:418)
at org.testng.internal.thread.ThreadUtil.lambda$execute$0(ThreadUtil.java:64)
at java.base/java.util.concurrent.FutureTask.run(FutureTask.java:264)
at java.base/java.util.concurrent.ThreadPoolExecutor.runWorker(ThreadPoolExecutor.java:1136)
at java.base/java.util.concurrent.ThreadPoolExecutor$Worker.run(ThreadPoolExecutor.java:635)
at java.base/java.lang.Thread.run(Thread.java:833)
]]>
            </full-stacktrace>
          </exception> <!-- java.lang.AssertionError -->
          <reporter-output>
          </reporter-output>
        </test-method> <!-- createcontact_assignedTo_Support_Group -->
        <test-method is-config="true" signature="logOutApp()[pri:0, instance:scriptsContacts.TC_11_createcontact_assignedTo_Support_Group@428640fa]" started-at="2021-10-18T10:21:44 IST" name="logOutApp" finished-at="2021-10-18T10:21:48 IST" duration-ms="3771" status="PASS">
          <reporter-output>
          </reporter-output>
        </test-method> <!-- logOutApp -->
        <test-method is-config="true" signature="logInApp()[pri:0, instance:scriptsContacts.TC_11_createcontact_assignedTo_Support_Group@428640fa]" started-at="2021-10-18T10:21:48 IST" name="logInApp" finished-at="2021-10-18T10:21:49 IST" duration-ms="1447" status="PASS">
          <reporter-output>
          </reporter-output>
        </test-method> <!-- logInApp -->
        <test-method signature="createcontact_assignedTo_Support_Group()[pri:0, instance:scriptsContacts.TC_11_createcontact_assignedTo_Support_Group@428640fa]" started-at="2021-10-18T10:21:49 IST" name="createcontact_assignedTo_Support_Group" finished-at="2021-10-18T10:21:55 IST" duration-ms="5289" status="FAIL">
          <exception class="java.lang.AssertionError">
            <message>
              <![CDATA[The following asserts failed:
null]]>
            </message>
            <full-stacktrace>
              <![CDATA[java.lang.AssertionError: The following asserts failed:
null
at org.testng.asserts.SoftAssert.assertAll(SoftAssert.java:47)
at org.testng.asserts.SoftAssert.assertAll(SoftAssert.java:31)
at scriptsContacts.TC_11_createcontact_assignedTo_Support_Group.createcontact_assignedTo_Support_Group(TC_11_createcontact_assignedTo_Support_Group.java:73)
at java.base/jdk.internal.reflect.NativeMethodAccessorImpl.invoke0(Native Method)
at java.base/jdk.internal.reflect.NativeMethodAccessorImpl.invoke(NativeMethodAccessorImpl.java:77)
at java.base/jdk.internal.reflect.DelegatingMethodAccessorImpl.invoke(DelegatingMethodAccessorImpl.java:43)
at java.base/java.lang.reflect.Method.invoke(Method.java:568)
at org.testng.internal.MethodInvocationHelper.invokeMethod(MethodInvocationHelper.java:133)
at org.testng.internal.TestInvoker.invokeMethod(TestInvoker.java:598)
at org.testng.internal.TestInvoker.invokeTestMethod(TestInvoker.java:173)
at org.testng.internal.MethodRunner.runInSequence(MethodRunner.java:46)
at org.testng.internal.TestInvoker$MethodInvocationAgent.invoke(TestInvoker.java:824)
at org.testng.internal.TestInvoker.invokeTestMethods(TestInvoker.java:146)
at org.testng.internal.TestMethodWorker.invokeTestMethods(TestMethodWorker.java:146)
at org.testng.internal.TestMethodWorker.run(TestMethodWorker.java:128)
at java.base/java.util.ArrayList.forEach(ArrayList.java:1511)
at org.testng.TestRunner.privateRun(TestRunner.java:794)
at org.testng.TestRunner.run(TestRunner.java:596)
at org.testng.SuiteRunner.runTest(SuiteRunner.java:377)
at org.testng.SuiteRunner.access$000(SuiteRunner.java:28)
at org.testng.SuiteRunner$SuiteWorker.run(SuiteRunner.java:418)
at org.testng.internal.thread.ThreadUtil.lambda$execute$0(ThreadUtil.java:64)
at java.base/java.util.concurrent.FutureTask.run(FutureTask.java:264)
at java.base/java.util.concurrent.ThreadPoolExecutor.runWorker(ThreadPoolExecutor.java:1136)
at java.base/java.util.concurrent.ThreadPoolExecutor$Worker.run(ThreadPoolExecutor.java:635)
at java.base/java.lang.Thread.run(Thread.java:833)
]]>
            </full-stacktrace>
          </exception> <!-- java.lang.AssertionError -->
          <reporter-output>
          </reporter-output>
        </test-method> <!-- createcontact_assignedTo_Support_Group -->
        <test-method is-config="true" signature="logOutApp()[pri:0, instance:scriptsContacts.TC_11_createcontact_assignedTo_Support_Group@428640fa]" started-at="2021-10-18T10:21:55 IST" name="logOutApp" finished-at="2021-10-18T10:21:59 IST" duration-ms="3799" status="PASS">
          <reporter-output>
          </reporter-output>
        </test-method> <!-- logOutApp -->
        <test-method is-config="true" signature="closeBrowser()[pri:0, instance:scriptsContacts.TC_11_createcontact_assignedTo_Support_Group@428640fa]" started-at="2021-10-18T10:21:59 IST" name="closeBrowser" finished-at="2021-10-18T10:21:59 IST" duration-ms="263" status="PASS">
          <reporter-output>
          </reporter-output>
        </test-method> <!-- closeBrowser -->
      </class> <!-- scriptsContacts.TC_11_createcontact_assignedTo_Support_Group -->
    </test> <!-- TestRunner-chrome -->
    <test started-at="2021-10-18T10:20:14 IST" name="TestRunner-Firefox" finished-at="2021-10-18T10:22:08 IST" duration-ms="113746">
      <class name="scriptsContacts.TC_12_createcontact_assignedTo_Teamselling_Group">
        <test-method is-config="true" signature="launchBrowser(java.lang.String)[pri:0, instance:scriptsContacts.TC_12_createcontact_assignedTo_Teamselling_Group@368247b9]" started-at="2021-10-18T10:20:14 IST" name="launchBrowser" finished-at="2021-10-18T10:20:21 IST" duration-ms="6976" status="PASS">
          <params>
            <param index="0">
              <value>
                <![CDATA[firefox]]>
              </value>
            </param>
          </params>
          <reporter-output>
          </reporter-output>
        </test-method> <!-- launchBrowser -->
        <test-method is-config="true" signature="logInApp()[pri:0, instance:scriptsContacts.TC_12_createcontact_assignedTo_Teamselling_Group@368247b9]" started-at="2021-10-18T10:20:21 IST" name="logInApp" finished-at="2021-10-18T10:20:22 IST" duration-ms="1397" status="PASS">
          <reporter-output>
          </reporter-output>
        </test-method> <!-- logInApp -->
        <test-method signature="createcontact_assignedTo_Teamselling_Group()[pri:0, instance:scriptsContacts.TC_12_createcontact_assignedTo_Teamselling_Group@368247b9]" started-at="2021-10-18T10:20:22 IST" name="createcontact_assignedTo_Teamselling_Group" finished-at="2021-10-18T10:20:27 IST" duration-ms="5009" status="PASS">
          <reporter-output>
          </reporter-output>
        </test-method> <!-- createcontact_assignedTo_Teamselling_Group -->
        <test-method is-config="true" signature="logOutApp()[pri:0, instance:scriptsContacts.TC_12_createcontact_assignedTo_Teamselling_Group@368247b9]" started-at="2021-10-18T10:20:27 IST" name="logOutApp" finished-at="2021-10-18T10:20:31 IST" duration-ms="3801" status="PASS">
          <reporter-output>
          </reporter-output>
        </test-method> <!-- logOutApp -->
        <test-method is-config="true" signature="logInApp()[pri:0, instance:scriptsContacts.TC_12_createcontact_assignedTo_Teamselling_Group@368247b9]" started-at="2021-10-18T10:20:31 IST" name="logInApp" finished-at="2021-10-18T10:20:33 IST" duration-ms="1488" status="PASS">
          <reporter-output>
          </reporter-output>
        </test-method> <!-- logInApp -->
        <test-method signature="createcontact_assignedTo_Teamselling_Group()[pri:0, instance:scriptsContacts.TC_12_createcontact_assignedTo_Teamselling_Group@368247b9]" started-at="2021-10-18T10:20:33 IST" name="createcontact_assignedTo_Teamselling_Group" finished-at="2021-10-18T10:20:38 IST" duration-ms="4850" status="PASS">
          <reporter-output>
          </reporter-output>
        </test-method> <!-- createcontact_assignedTo_Teamselling_Group -->
        <test-method is-config="true" signature="logOutApp()[pri:0, instance:scriptsContacts.TC_12_createcontact_assignedTo_Teamselling_Group@368247b9]" started-at="2021-10-18T10:20:38 IST" name="logOutApp" finished-at="2021-10-18T10:20:41 IST" duration-ms="3751" status="PASS">
          <reporter-output>
          </reporter-output>
        </test-method> <!-- logOutApp -->
        <test-method is-config="true" signature="logInApp()[pri:0, instance:scriptsContacts.TC_12_createcontact_assignedTo_Teamselling_Group@368247b9]" started-at="2021-10-18T10:20:41 IST" name="logInApp" finished-at="2021-10-18T10:20:42 IST" duration-ms="1183" status="PASS">
          <reporter-output>
          </reporter-output>
        </test-method> <!-- logInApp -->
        <test-method signature="createcontact_assignedTo_Teamselling_Group()[pri:0, instance:scriptsContacts.TC_12_createcontact_assignedTo_Teamselling_Group@368247b9]" started-at="2021-10-18T10:20:42 IST" name="createcontact_assignedTo_Teamselling_Group" finished-at="2021-10-18T10:20:47 IST" duration-ms="4884" status="PASS">
          <reporter-output>
          </reporter-output>
        </test-method> <!-- createcontact_assignedTo_Teamselling_Group -->
        <test-method is-config="true" signature="logOutApp()[pri:0, instance:scriptsContacts.TC_12_createcontact_assignedTo_Teamselling_Group@368247b9]" started-at="2021-10-18T10:20:47 IST" name="logOutApp" finished-at="2021-10-18T10:20:51 IST" duration-ms="3785" status="PASS">
          <reporter-output>
          </reporter-output>
        </test-method> <!-- logOutApp -->
        <test-method is-config="true" signature="logInApp()[pri:0, instance:scriptsContacts.TC_12_createcontact_assignedTo_Teamselling_Group@368247b9]" started-at="2021-10-18T10:20:51 IST" name="logInApp" finished-at="2021-10-18T10:20:52 IST" duration-ms="1130" status="PASS">
          <reporter-output>
          </reporter-output>
        </test-method> <!-- logInApp -->
        <test-method signature="createcontact_assignedTo_Teamselling_Group()[pri:0, instance:scriptsContacts.TC_12_createcontact_assignedTo_Teamselling_Group@368247b9]" started-at="2021-10-18T10:20:52 IST" name="createcontact_assignedTo_Teamselling_Group" finished-at="2021-10-18T10:20:57 IST" duration-ms="5025" status="PASS">
          <reporter-output>
          </reporter-output>
        </test-method> <!-- createcontact_assignedTo_Teamselling_Group -->
        <test-method is-config="true" signature="logOutApp()[pri:0, instance:scriptsContacts.TC_12_createcontact_assignedTo_Teamselling_Group@368247b9]" started-at="2021-10-18T10:20:57 IST" name="logOutApp" finished-at="2021-10-18T10:21:01 IST" duration-ms="3767" status="PASS">
          <reporter-output>
          </reporter-output>
        </test-method> <!-- logOutApp -->
        <test-method is-config="true" signature="logInApp()[pri:0, instance:scriptsContacts.TC_12_createcontact_assignedTo_Teamselling_Group@368247b9]" started-at="2021-10-18T10:21:01 IST" name="logInApp" finished-at="2021-10-18T10:21:02 IST" duration-ms="1109" status="PASS">
          <reporter-output>
          </reporter-output>
        </test-method> <!-- logInApp -->
        <test-method signature="createcontact_assignedTo_Teamselling_Group()[pri:0, instance:scriptsContacts.TC_12_createcontact_assignedTo_Teamselling_Group@368247b9]" started-at="2021-10-18T10:21:02 IST" name="createcontact_assignedTo_Teamselling_Group" finished-at="2021-10-18T10:21:08 IST" duration-ms="5623" status="PASS">
          <reporter-output>
          </reporter-output>
        </test-method> <!-- createcontact_assignedTo_Teamselling_Group -->
        <test-method is-config="true" signature="logOutApp()[pri:0, instance:scriptsContacts.TC_12_createcontact_assignedTo_Teamselling_Group@368247b9]" started-at="2021-10-18T10:21:08 IST" name="logOutApp" finished-at="2021-10-18T10:21:12 IST" duration-ms="3759" status="PASS">
          <reporter-output>
          </reporter-output>
        </test-method> <!-- logOutApp -->
        <test-method is-config="true" signature="closeBrowser()[pri:0, instance:scriptsContacts.TC_12_createcontact_assignedTo_Teamselling_Group@368247b9]" started-at="2021-10-18T10:21:12 IST" name="closeBrowser" finished-at="2021-10-18T10:21:12 IST" duration-ms="540" status="PASS">
          <reporter-output>
          </reporter-output>
        </test-method> <!-- closeBrowser -->
      </class> <!-- scriptsContacts.TC_12_createcontact_assignedTo_Teamselling_Group -->
      <class name="scriptsContacts.TC_11_createcontact_assignedTo_Support_Group">
        <test-method is-config="true" signature="launchBrowser(java.lang.String)[pri:0, instance:scriptsContacts.TC_11_createcontact_assignedTo_Support_Group@1a6d8329]" started-at="2021-10-18T10:21:12 IST" name="launchBrowser" finished-at="2021-10-18T10:21:15 IST" duration-ms="2639" status="PASS">
          <params>
            <param index="0">
              <value>
                <![CDATA[firefox]]>
              </value>
            </param>
          </params>
          <reporter-output>
          </reporter-output>
        </test-method> <!-- launchBrowser -->
        <test-method is-config="true" signature="logInApp()[pri:0, instance:scriptsContacts.TC_11_createcontact_assignedTo_Support_Group@1a6d8329]" started-at="2021-10-18T10:21:15 IST" name="logInApp" finished-at="2021-10-18T10:21:16 IST" duration-ms="1283" status="PASS">
          <reporter-output>
          </reporter-output>
        </test-method> <!-- logInApp -->
        <test-method signature="createcontact_assignedTo_Support_Group()[pri:0, instance:scriptsContacts.TC_11_createcontact_assignedTo_Support_Group@1a6d8329]" started-at="2021-10-18T10:21:16 IST" name="createcontact_assignedTo_Support_Group" finished-at="2021-10-18T10:21:22 IST" duration-ms="5733" status="FAIL">
          <exception class="java.lang.AssertionError">
            <message>
              <![CDATA[The following asserts failed:
null]]>
            </message>
            <full-stacktrace>
              <![CDATA[java.lang.AssertionError: The following asserts failed:
null
at org.testng.asserts.SoftAssert.assertAll(SoftAssert.java:47)
at org.testng.asserts.SoftAssert.assertAll(SoftAssert.java:31)
at scriptsContacts.TC_11_createcontact_assignedTo_Support_Group.createcontact_assignedTo_Support_Group(TC_11_createcontact_assignedTo_Support_Group.java:73)
at java.base/jdk.internal.reflect.NativeMethodAccessorImpl.invoke0(Native Method)
at java.base/jdk.internal.reflect.NativeMethodAccessorImpl.invoke(NativeMethodAccessorImpl.java:77)
at java.base/jdk.internal.reflect.DelegatingMethodAccessorImpl.invoke(DelegatingMethodAccessorImpl.java:43)
at java.base/java.lang.reflect.Method.invoke(Method.java:568)
at org.testng.internal.MethodInvocationHelper.invokeMethod(MethodInvocationHelper.java:133)
at org.testng.internal.TestInvoker.invokeMethod(TestInvoker.java:598)
at org.testng.internal.TestInvoker.invokeTestMethod(TestInvoker.java:173)
at org.testng.internal.MethodRunner.runInSequence(MethodRunner.java:46)
at org.testng.internal.TestInvoker$MethodInvocationAgent.invoke(TestInvoker.java:824)
at org.testng.internal.TestInvoker.invokeTestMethods(TestInvoker.java:146)
at org.testng.internal.TestMethodWorker.invokeTestMethods(TestMethodWorker.java:146)
at org.testng.internal.TestMethodWorker.run(TestMethodWorker.java:128)
at java.base/java.util.ArrayList.forEach(ArrayList.java:1511)
at org.testng.TestRunner.privateRun(TestRunner.java:794)
at org.testng.TestRunner.run(TestRunner.java:596)
at org.testng.SuiteRunner.runTest(SuiteRunner.java:377)
at org.testng.SuiteRunner.access$000(SuiteRunner.java:28)
at org.testng.SuiteRunner$SuiteWorker.run(SuiteRunner.java:418)
at org.testng.internal.thread.ThreadUtil.lambda$execute$0(ThreadUtil.java:64)
at java.base/java.util.concurrent.FutureTask.run(FutureTask.java:264)
at java.base/java.util.concurrent.ThreadPoolExecutor.runWorker(ThreadPoolExecutor.java:1136)
at java.base/java.util.concurrent.ThreadPoolExecutor$Worker.run(ThreadPoolExecutor.java:635)
at java.base/java.lang.Thread.run(Thread.java:833)
]]>
            </full-stacktrace>
          </exception> <!-- java.lang.AssertionError -->
          <reporter-output>
          </reporter-output>
        </test-method> <!-- createcontact_assignedTo_Support_Group -->
        <test-method is-config="true" signature="logOutApp()[pri:0, instance:scriptsContacts.TC_11_createcontact_assignedTo_Support_Group@1a6d8329]" started-at="2021-10-18T10:21:22 IST" name="logOutApp" finished-at="2021-10-18T10:21:26 IST" duration-ms="3732" status="PASS">
          <reporter-output>
          </reporter-output>
        </test-method> <!-- logOutApp -->
        <test-method is-config="true" signature="logInApp()[pri:0, instance:scriptsContacts.TC_11_createcontact_assignedTo_Support_Group@1a6d8329]" started-at="2021-10-18T10:21:26 IST" name="logInApp" finished-at="2021-10-18T10:21:27 IST" duration-ms="1159" status="PASS">
          <reporter-output>
          </reporter-output>
        </test-method> <!-- logInApp -->
        <test-method signature="createcontact_assignedTo_Support_Group()[pri:0, instance:scriptsContacts.TC_11_createcontact_assignedTo_Support_Group@1a6d8329]" started-at="2021-10-18T10:21:27 IST" name="createcontact_assignedTo_Support_Group" finished-at="2021-10-18T10:21:32 IST" duration-ms="5622" status="FAIL">
          <exception class="java.lang.AssertionError">
            <message>
              <![CDATA[The following asserts failed:
null]]>
            </message>
            <full-stacktrace>
              <![CDATA[java.lang.AssertionError: The following asserts failed:
null
at org.testng.asserts.SoftAssert.assertAll(SoftAssert.java:47)
at org.testng.asserts.SoftAssert.assertAll(SoftAssert.java:31)
at scriptsContacts.TC_11_createcontact_assignedTo_Support_Group.createcontact_assignedTo_Support_Group(TC_11_createcontact_assignedTo_Support_Group.java:73)
at java.base/jdk.internal.reflect.NativeMethodAccessorImpl.invoke0(Native Method)
at java.base/jdk.internal.reflect.NativeMethodAccessorImpl.invoke(NativeMethodAccessorImpl.java:77)
at java.base/jdk.internal.reflect.DelegatingMethodAccessorImpl.invoke(DelegatingMethodAccessorImpl.java:43)
at java.base/java.lang.reflect.Method.invoke(Method.java:568)
at org.testng.internal.MethodInvocationHelper.invokeMethod(MethodInvocationHelper.java:133)
at org.testng.internal.TestInvoker.invokeMethod(TestInvoker.java:598)
at org.testng.internal.TestInvoker.invokeTestMethod(TestInvoker.java:173)
at org.testng.internal.MethodRunner.runInSequence(MethodRunner.java:46)
at org.testng.internal.TestInvoker$MethodInvocationAgent.invoke(TestInvoker.java:824)
at org.testng.internal.TestInvoker.invokeTestMethods(TestInvoker.java:146)
at org.testng.internal.TestMethodWorker.invokeTestMethods(TestMethodWorker.java:146)
at org.testng.internal.TestMethodWorker.run(TestMethodWorker.java:128)
at java.base/java.util.ArrayList.forEach(ArrayList.java:1511)
at org.testng.TestRunner.privateRun(TestRunner.java:794)
at org.testng.TestRunner.run(TestRunner.java:596)
at org.testng.SuiteRunner.runTest(SuiteRunner.java:377)
at org.testng.SuiteRunner.access$000(SuiteRunner.java:28)
at org.testng.SuiteRunner$SuiteWorker.run(SuiteRunner.java:418)
at org.testng.internal.thread.ThreadUtil.lambda$execute$0(ThreadUtil.java:64)
at java.base/java.util.concurrent.FutureTask.run(FutureTask.java:264)
at java.base/java.util.concurrent.ThreadPoolExecutor.runWorker(ThreadPoolExecutor.java:1136)
at java.base/java.util.concurrent.ThreadPoolExecutor$Worker.run(ThreadPoolExecutor.java:635)
at java.base/java.lang.Thread.run(Thread.java:833)
]]>
            </full-stacktrace>
          </exception> <!-- java.lang.AssertionError -->
          <reporter-output>
          </reporter-output>
        </test-method> <!-- createcontact_assignedTo_Support_Group -->
        <test-method is-config="true" signature="logOutApp()[pri:0, instance:scriptsContacts.TC_11_createcontact_assignedTo_Support_Group@1a6d8329]" started-at="2021-10-18T10:21:32 IST" name="logOutApp" finished-at="2021-10-18T10:21:36 IST" duration-ms="3731" status="PASS">
          <reporter-output>
          </reporter-output>
        </test-method> <!-- logOutApp -->
        <test-method is-config="true" signature="logInApp()[pri:0, instance:scriptsContacts.TC_11_createcontact_assignedTo_Support_Group@1a6d8329]" started-at="2021-10-18T10:21:36 IST" name="logInApp" finished-at="2021-10-18T10:21:37 IST" duration-ms="1166" status="PASS">
          <reporter-output>
          </reporter-output>
        </test-method> <!-- logInApp -->
        <test-method signature="createcontact_assignedTo_Support_Group()[pri:0, instance:scriptsContacts.TC_11_createcontact_assignedTo_Support_Group@1a6d8329]" started-at="2021-10-18T10:21:37 IST" name="createcontact_assignedTo_Support_Group" finished-at="2021-10-18T10:21:43 IST" duration-ms="5654" status="FAIL">
          <exception class="java.lang.AssertionError">
            <message>
              <![CDATA[The following asserts failed:
null]]>
            </message>
            <full-stacktrace>
              <![CDATA[java.lang.AssertionError: The following asserts failed:
null
at org.testng.asserts.SoftAssert.assertAll(SoftAssert.java:47)
at org.testng.asserts.SoftAssert.assertAll(SoftAssert.java:31)
at scriptsContacts.TC_11_createcontact_assignedTo_Support_Group.createcontact_assignedTo_Support_Group(TC_11_createcontact_assignedTo_Support_Group.java:73)
at java.base/jdk.internal.reflect.NativeMethodAccessorImpl.invoke0(Native Method)
at java.base/jdk.internal.reflect.NativeMethodAccessorImpl.invoke(NativeMethodAccessorImpl.java:77)
at java.base/jdk.internal.reflect.DelegatingMethodAccessorImpl.invoke(DelegatingMethodAccessorImpl.java:43)
at java.base/java.lang.reflect.Method.invoke(Method.java:568)
at org.testng.internal.MethodInvocationHelper.invokeMethod(MethodInvocationHelper.java:133)
at org.testng.internal.TestInvoker.invokeMethod(TestInvoker.java:598)
at org.testng.internal.TestInvoker.invokeTestMethod(TestInvoker.java:173)
at org.testng.internal.MethodRunner.runInSequence(MethodRunner.java:46)
at org.testng.internal.TestInvoker$MethodInvocationAgent.invoke(TestInvoker.java:824)
at org.testng.internal.TestInvoker.invokeTestMethods(TestInvoker.java:146)
at org.testng.internal.TestMethodWorker.invokeTestMethods(TestMethodWorker.java:146)
at org.testng.internal.TestMethodWorker.run(TestMethodWorker.java:128)
at java.base/java.util.ArrayList.forEach(ArrayList.java:1511)
at org.testng.TestRunner.privateRun(TestRunner.java:794)
at org.testng.TestRunner.run(TestRunner.java:596)
at org.testng.SuiteRunner.runTest(SuiteRunner.java:377)
at org.testng.SuiteRunner.access$000(SuiteRunner.java:28)
at org.testng.SuiteRunner$SuiteWorker.run(SuiteRunner.java:418)
at org.testng.internal.thread.ThreadUtil.lambda$execute$0(ThreadUtil.java:64)
at java.base/java.util.concurrent.FutureTask.run(FutureTask.java:264)
at java.base/java.util.concurrent.ThreadPoolExecutor.runWorker(ThreadPoolExecutor.java:1136)
at java.base/java.util.concurrent.ThreadPoolExecutor$Worker.run(ThreadPoolExecutor.java:635)
at java.base/java.lang.Thread.run(Thread.java:833)
]]>
            </full-stacktrace>
          </exception> <!-- java.lang.AssertionError -->
          <reporter-output>
          </reporter-output>
        </test-method> <!-- createcontact_assignedTo_Support_Group -->
        <test-method is-config="true" signature="logOutApp()[pri:0, instance:scriptsContacts.TC_11_createcontact_assignedTo_Support_Group@1a6d8329]" started-at="2021-10-18T10:21:43 IST" name="logOutApp" finished-at="2021-10-18T10:21:47 IST" duration-ms="3725" status="PASS">
          <reporter-output>
          </reporter-output>
        </test-method> <!-- logOutApp -->
        <test-method is-config="true" signature="logInApp()[pri:0, instance:scriptsContacts.TC_11_createcontact_assignedTo_Support_Group@1a6d8329]" started-at="2021-10-18T10:21:47 IST" name="logInApp" finished-at="2021-10-18T10:21:48 IST" duration-ms="1197" status="PASS">
          <reporter-output>
          </reporter-output>
        </test-method> <!-- logInApp -->
        <test-method signature="createcontact_assignedTo_Support_Group()[pri:0, instance:scriptsContacts.TC_11_createcontact_assignedTo_Support_Group@1a6d8329]" started-at="2021-10-18T10:21:48 IST" name="createcontact_assignedTo_Support_Group" finished-at="2021-10-18T10:21:54 IST" duration-ms="5561" status="FAIL">
          <exception class="java.lang.AssertionError">
            <message>
              <![CDATA[The following asserts failed:
null]]>
            </message>
            <full-stacktrace>
              <![CDATA[java.lang.AssertionError: The following asserts failed:
null
at org.testng.asserts.SoftAssert.assertAll(SoftAssert.java:47)
at org.testng.asserts.SoftAssert.assertAll(SoftAssert.java:31)
at scriptsContacts.TC_11_createcontact_assignedTo_Support_Group.createcontact_assignedTo_Support_Group(TC_11_createcontact_assignedTo_Support_Group.java:73)
at java.base/jdk.internal.reflect.NativeMethodAccessorImpl.invoke0(Native Method)
at java.base/jdk.internal.reflect.NativeMethodAccessorImpl.invoke(NativeMethodAccessorImpl.java:77)
at java.base/jdk.internal.reflect.DelegatingMethodAccessorImpl.invoke(DelegatingMethodAccessorImpl.java:43)
at java.base/java.lang.reflect.Method.invoke(Method.java:568)
at org.testng.internal.MethodInvocationHelper.invokeMethod(MethodInvocationHelper.java:133)
at org.testng.internal.TestInvoker.invokeMethod(TestInvoker.java:598)
at org.testng.internal.TestInvoker.invokeTestMethod(TestInvoker.java:173)
at org.testng.internal.MethodRunner.runInSequence(MethodRunner.java:46)
at org.testng.internal.TestInvoker$MethodInvocationAgent.invoke(TestInvoker.java:824)
at org.testng.internal.TestInvoker.invokeTestMethods(TestInvoker.java:146)
at org.testng.internal.TestMethodWorker.invokeTestMethods(TestMethodWorker.java:146)
at org.testng.internal.TestMethodWorker.run(TestMethodWorker.java:128)
at java.base/java.util.ArrayList.forEach(ArrayList.java:1511)
at org.testng.TestRunner.privateRun(TestRunner.java:794)
at org.testng.TestRunner.run(TestRunner.java:596)
at org.testng.SuiteRunner.runTest(SuiteRunner.java:377)
at org.testng.SuiteRunner.access$000(SuiteRunner.java:28)
at org.testng.SuiteRunner$SuiteWorker.run(SuiteRunner.java:418)
at org.testng.internal.thread.ThreadUtil.lambda$execute$0(ThreadUtil.java:64)
at java.base/java.util.concurrent.FutureTask.run(FutureTask.java:264)
at java.base/java.util.concurrent.ThreadPoolExecutor.runWorker(ThreadPoolExecutor.java:1136)
at java.base/java.util.concurrent.ThreadPoolExecutor$Worker.run(ThreadPoolExecutor.java:635)
at java.base/java.lang.Thread.run(Thread.java:833)
]]>
            </full-stacktrace>
          </exception> <!-- java.lang.AssertionError -->
          <reporter-output>
          </reporter-output>
        </test-method> <!-- createcontact_assignedTo_Support_Group -->
        <test-method is-config="true" signature="logOutApp()[pri:0, instance:scriptsContacts.TC_11_createcontact_assignedTo_Support_Group@1a6d8329]" started-at="2021-10-18T10:21:54 IST" name="logOutApp" finished-at="2021-10-18T10:21:57 IST" duration-ms="3734" status="PASS">
          <reporter-output>
          </reporter-output>
        </test-method> <!-- logOutApp -->
        <test-method is-config="true" signature="logInApp()[pri:0, instance:scriptsContacts.TC_11_createcontact_assignedTo_Support_Group@1a6d8329]" started-at="2021-10-18T10:21:57 IST" name="logInApp" finished-at="2021-10-18T10:21:59 IST" duration-ms="1206" status="PASS">
          <reporter-output>
          </reporter-output>
        </test-method> <!-- logInApp -->
        <test-method signature="createcontact_assignedTo_Support_Group()[pri:0, instance:scriptsContacts.TC_11_createcontact_assignedTo_Support_Group@1a6d8329]" started-at="2021-10-18T10:21:59 IST" name="createcontact_assignedTo_Support_Group" finished-at="2021-10-18T10:22:03 IST" duration-ms="4820" status="FAIL">
          <exception class="java.lang.AssertionError">
            <message>
              <![CDATA[The following asserts failed:
null]]>
            </message>
            <full-stacktrace>
              <![CDATA[java.lang.AssertionError: The following asserts failed:
null
at org.testng.asserts.SoftAssert.assertAll(SoftAssert.java:47)
at org.testng.asserts.SoftAssert.assertAll(SoftAssert.java:31)
at scriptsContacts.TC_11_createcontact_assignedTo_Support_Group.createcontact_assignedTo_Support_Group(TC_11_createcontact_assignedTo_Support_Group.java:73)
at java.base/jdk.internal.reflect.NativeMethodAccessorImpl.invoke0(Native Method)
at java.base/jdk.internal.reflect.NativeMethodAccessorImpl.invoke(NativeMethodAccessorImpl.java:77)
at java.base/jdk.internal.reflect.DelegatingMethodAccessorImpl.invoke(DelegatingMethodAccessorImpl.java:43)
at java.base/java.lang.reflect.Method.invoke(Method.java:568)
at org.testng.internal.MethodInvocationHelper.invokeMethod(MethodInvocationHelper.java:133)
at org.testng.internal.TestInvoker.invokeMethod(TestInvoker.java:598)
at org.testng.internal.TestInvoker.invokeTestMethod(TestInvoker.java:173)
at org.testng.internal.MethodRunner.runInSequence(MethodRunner.java:46)
at org.testng.internal.TestInvoker$MethodInvocationAgent.invoke(TestInvoker.java:824)
at org.testng.internal.TestInvoker.invokeTestMethods(TestInvoker.java:146)
at org.testng.internal.TestMethodWorker.invokeTestMethods(TestMethodWorker.java:146)
at org.testng.internal.TestMethodWorker.run(TestMethodWorker.java:128)
at java.base/java.util.ArrayList.forEach(ArrayList.java:1511)
at org.testng.TestRunner.privateRun(TestRunner.java:794)
at org.testng.TestRunner.run(TestRunner.java:596)
at org.testng.SuiteRunner.runTest(SuiteRunner.java:377)
at org.testng.SuiteRunner.access$000(SuiteRunner.java:28)
at org.testng.SuiteRunner$SuiteWorker.run(SuiteRunner.java:418)
at org.testng.internal.thread.ThreadUtil.lambda$execute$0(ThreadUtil.java:64)
at java.base/java.util.concurrent.FutureTask.run(FutureTask.java:264)
at java.base/java.util.concurrent.ThreadPoolExecutor.runWorker(ThreadPoolExecutor.java:1136)
at java.base/java.util.concurrent.ThreadPoolExecutor$Worker.run(ThreadPoolExecutor.java:635)
at java.base/java.lang.Thread.run(Thread.java:833)
]]>
            </full-stacktrace>
          </exception> <!-- java.lang.AssertionError -->
          <reporter-output>
          </reporter-output>
        </test-method> <!-- createcontact_assignedTo_Support_Group -->
        <test-method is-config="true" signature="logOutApp()[pri:0, instance:scriptsContacts.TC_11_createcontact_assignedTo_Support_Group@1a6d8329]" started-at="2021-10-18T10:22:03 IST" name="logOutApp" finished-at="2021-10-18T10:22:07 IST" duration-ms="3715" status="PASS">
          <reporter-output>
          </reporter-output>
        </test-method> <!-- logOutApp -->
        <test-method is-config="true" signature="closeBrowser()[pri:0, instance:scriptsContacts.TC_11_createcontact_assignedTo_Support_Group@1a6d8329]" started-at="2021-10-18T10:22:07 IST" name="closeBrowser" finished-at="2021-10-18T10:22:08 IST" duration-ms="529" status="PASS">
          <reporter-output>
          </reporter-output>
        </test-method> <!-- closeBrowser -->
      </class> <!-- scriptsContacts.TC_11_createcontact_assignedTo_Support_Group -->
    </test> <!-- TestRunner-Firefox -->
  </suite> <!-- Suite -->
</testng-results>
